17:00:41 **** Incremental Build of configuration Debug for project Overflow ****
make all 
Building file: ../src/overflow.cpp
Invoking: Cygwin C++ Compiler
g++ -O0 -g3 -Wall -c -fmessage-length=0 -MMD -MP -MF"src/overflow.d" -MT"src/overflow.o" -o "src/overflow.o" "../src/overflow.cpp"
Finished building: ../src/overflow.cpp
 
Building target: Overflow.exe
Invoking: Cygwin C++ Linker
g++  -o "Overflow.exe"  ./src/overflow.o   
Finished building target: Overflow.exe
 
17:00:44 **** Incremental Build of configuration Debug for project Overflow ****
make all 
make: Nothing to be done for 'all'.
17:00:54 **** Incremental Build of configuration Debug for project Overflow ****
make all 
Building file: ../src/overflow.cpp
Invoking: Cygwin C++ Compiler
g++ -O0 -g3 -Wall -c -fmessage-length=0 -MMD -MP -MF"src/overflow.d" -MT"src/overflow.o" -o "src/overflow.o" "../src/overflow.cpp"
Finished building: ../src/overflow.cpp
 
Building target: Overflow.exe
Invoking: Cygwin C++ Linker
g++  -o "Overflow.exe"  ./src/overflow.o   
Finished building target: Overflow.exe
 
17:01:03 **** Incremental Build of configuration Debug for project Overflow ****
make all 
Building file: ../src/overflow.cpp
Invoking: Cygwin C++ Compiler
g++ -O0 -g3 -Wall -c -fmessage-length=0 -MMD -MP -MF"src/overflow.d" -MT"src/overflow.o" -o "src/overflow.o" "../src/overflow.cpp"
Finished building: ../src/overflow.cpp
 
Building target: Overflow.exe
Invoking: Cygwin C++ Linker
g++  -o "Overflow.exe"  ./src/overflow.o   
Finished building target: Overflow.exe
 
17:01:17 **** Incremental Build of configuration Debug for project Limits ****
make all 
make: Nothing to be done for 'all'.
17:01:50 **** Incremental Build of configuration Debug for project Overflow ****
make all 
Building file: ../src/overflow.cpp
Invoking: Cygwin C++ Compiler
g++ -O0 -g3 -Wall -c -fmessage-length=0 -MMD -MP -MF"src/overflow.d" -MT"src/overflow.o" -o "src/overflow.o" "../src/overflow.cpp"
Finished building: ../src/overflow.cpp
 
Building target: Overflow.exe
Invoking: Cygwin C++ Linker
g++  -o "Overflow.exe"  ./src/overflow.o   
Finished building target: Overflow.exe
 
17:02:02 **** Incremental Build of configuration Debug for project Overflow ****
make all 
Building file: ../src/overflow.cpp
Invoking: Cygwin C++ Compiler
g++ -O0 -g3 -Wall -c -fmessage-length=0 -MMD -MP -MF"src/overflow.d" -MT"src/overflow.o" -o "src/overflow.o" "../src/overflow.cpp"
Finished building: ../src/overflow.cpp
 
Building target: Overflow.exe
Invoking: Cygwin C++ Linker
g++  -o "Overflow.exe"  ./src/overflow.o   
Finished building target: Overflow.exe
 
17:02:19 **** Incremental Build of configuration Debug for project Overflow ****
make all 
Building file: ../src/overflow.cpp
Invoking: Cygwin C++ Compiler
g++ -O0 -g3 -Wall -c -fmessage-length=0 -MMD -MP -MF"src/overflow.d" -MT"src/overflow.o" -o "src/overflow.o" "../src/overflow.cpp"
Finished building: ../src/overflow.cpp
 
Building target: Overflow.exe
Invoking: Cygwin C++ Linker
g++  -o "Overflow.exe"  ./src/overflow.o   
Finished building target: Overflow.exe
 
17:02:36 **** Incremental Build of configuration Debug for project Limits ****
make all 
make: Nothing to be done for 'all'.
17:02:59 **** Incremental Build of configuration Debug for project Overflow ****
make all 
make: Nothing to be done for 'all'.
17:03:33 **** Incremental Build of configuration Debug for project Overflow ****
make all 
Building file: ../src/overflow.cpp
Invoking: Cygwin C++ Compiler
g++ -O0 -g3 -Wall -c -fmessage-length=0 -MMD -MP -MF"src/overflow.d" -MT"src/overflow.o" -o "src/overflow.o" "../src/overflow.cpp"
Finished building: ../src/overflow.cpp
 
Building target: Overflow.exe
Invoking: Cygwin C++ Linker
g++  -o "Overflow.exe"  ./src/overflow.o   
Finished building target: Overflow.exe
 
17:08:14 **** Incremental Build of configuration Debug for project Overflow ****
make all 
make: Nothing to be done for 'all'.
17:09:21 **** Incremental Build of configuration Debug for project Overflow ****
make all 
Building file: ../src/overflow.cpp
Invoking: Cygwin C++ Compiler
g++ -O0 -g3 -Wall -c -fmessage-length=0 -MMD -MP -MF"src/overflow.d" -MT"src/overflow.o" -o "src/overflow.o" "../src/overflow.cpp"
Finished building: ../src/overflow.cpp
 
Building target: Overflow.exe
Invoking: Cygwin C++ Linker
g++  -o "Overflow.exe"  ./src/overflow.o   
Finished building target: Overflow.exe
 
17:09:46 **** Incremental Build of configuration Debug for project Overflow ****
make all 
Building file: ../src/overflow.cpp
Invoking: Cygwin C++ Compiler
g++ -O0 -g3 -Wall -c -fmessage-length=0 -MMD -MP -MF"src/overflow.d" -MT"src/overflow.o" -o "src/overflow.o" "../src/overflow.cpp"
Finished building: ../src/overflow.cpp
 
Building target: Overflow.exe
Invoking: Cygwin C++ Linker
g++  -o "Overflow.exe"  ./src/overflow.o   
Finished building target: Overflow.exe
 
17:10:00 **** Incremental Build of configuration Debug for project Limits ****
make all 
make: Nothing to be done for 'all'.
